Arguments: 
  /Users/sophielongo/.nvm/versions/node/v8.11.1/bin/node /usr/local/bin/yarn add react-native-chart-kit

PATH: 
  /Users/sophielongo/.rvm/gems/ruby-2.3.1/bin:/Users/sophielongo/.rvm/gems/ruby-2.3.1@global/bin:/Users/sophielongo/.rvm/rubies/ruby-2.3.1/bin:/Users/sophielongo/.nvm/versions/node/v8.11.1/bin:/usr/local/bin:/usr/bin:/bin:/usr/sbin:/sbin:/Library/Frameworks/Mono.framework/Versions/Current/Commands:/Users/sophielongo/.rvm/bin

Yarn version: 
  0.27.5

Node version: 
  8.11.1

Platform: 
  darwin x64

npm manifest: 
  {
    "name": "empty-project-template",
    "main": "node_modules/expo/AppEntry.js",
    "private": true,
    "scripts": {
      "start": "expo start",
      "android": "expo start --android",
      "ios": "expo start --ios",
      "eject": "expo eject"
    },
    "dependencies": {
      "expo": "^30.0.1",
      "react": "16.3.1",
      "react-native": "https://github.com/expo/react-native/archive/sdk-30.0.0.tar.gz"
    }
  }

yarn manifest: 
  No manifest

Lockfile: 
  No lockfile

Trace: 
  Error: EACCES: permission denied, mkdir '/Users/sophielongo/Library/Caches/Yarn/v1/npm-@expo/vector-icons-6.3.1-ffb97cc2343e4a330b44ce3063ee7c8571a6a50d'
